<?xml version="1.0" encoding="UTF-8" ?>
<testsuite failures="0" time="0.121" errors="0" skipped="0" tests="10" name="org.springframework.security.oauth2.client.token.TestAccessTokenProviderChain">
  <properties>
    <property name="java.runtime.name" value="Java(TM) SE Runtime Environment"/>
    <property name="sun.boot.library.path" value="/usr/lib/jvm/java-7-oracle/jre/lib/i386"/>
    <property name="java.vm.version" value="23.5-b02"/>
    <property name="java.vm.vendor" value="Oracle Corporation"/>
    <property name="java.vendor.url" value="http://java.oracle.com/"/>
    <property name="path.separator" value=":"/>
    <property name="java.vm.name" value="Java HotSpot(TM) Server VM"/>
    <property name="file.encoding.pkg" value="sun.io"/>
    <property name="user.country" value="IN"/>
    <property name="sun.java.launcher" value="SUN_STANDARD"/>
    <property name="sun.os.patch.level" value="unknown"/>
    <property name="java.vm.specification.name" value="Java Virtual Machine Specification"/>
    <property name="user.dir" value="/home/satish/code-base/code-playground/EASYLOCATE/spring-security-oauth2"/>
    <property name="java.runtime.version" value="1.7.0_09-b05"/>
    <property name="java.awt.graphicsenv" value="sun.awt.X11GraphicsEnvironment"/>
    <property name="basedir" value="/home/satish/code-base/code-playground/EASYLOCATE/spring-security-oauth2"/>
    <property name="java.endorsed.dirs" value="/usr/lib/jvm/java-7-oracle/jre/lib/endorsed"/>
    <property name="os.arch" value="i386"/>
    <property name="surefire.real.class.path" value="/tmp/surefirebooter4558738366193818031.jar"/>
    <property name="java.io.tmpdir" value="/tmp"/>
    <property name="line.separator" value="
"/>
    <property name="java.vm.specification.vendor" value="Oracle Corporation"/>
    <property name="os.name" value="Linux"/>
    <property name="sun.jnu.encoding" value="UTF-8"/>
    <property name="java.library.path" value="/usr/java/packages/lib/i386:/lib:/usr/lib"/>
    <property name="surefire.test.class.path" value="/home/satish/code-base/code-playground/EASYLOCATE/spring-security-oauth2/target/test-classes:/home/satish/code-base/code-playground/EASYLOCATE/spring-security-oauth2/target/classes:/home/satish/.m2/repository/javax/servlet/servlet-api/2.5/servlet-api-2.5.jar:/home/satish/.m2/repository/org/springframework/spring-beans/3.1.2.RELEASE/spring-beans-3.1.2.RELEASE.jar:/home/satish/.m2/repository/org/springframework/spring-core/3.1.2.RELEASE/spring-core-3.1.2.RELEASE.jar:/home/satish/.m2/repository/org/springframework/spring-asm/3.1.2.RELEASE/spring-asm-3.1.2.RELEASE.jar:/home/satish/.m2/repository/commons-logging/commons-logging/1.1.1/commons-logging-1.1.1.jar:/home/satish/.m2/repository/org/springframework/spring-context/3.1.2.RELEASE/spring-context-3.1.2.RELEASE.jar:/home/satish/.m2/repository/org/springframework/spring-aop/3.1.2.RELEASE/spring-aop-3.1.2.RELEASE.jar:/home/satish/.m2/repository/aopalliance/aopalliance/1.0/aopalliance-1.0.jar:/home/satish/.m2/repository/org/springframework/spring-expression/3.1.2.RELEASE/spring-expression-3.1.2.RELEASE.jar:/home/satish/.m2/repository/org/springframework/spring-jdbc/3.1.2.RELEASE/spring-jdbc-3.1.2.RELEASE.jar:/home/satish/.m2/repository/org/springframework/spring-tx/3.1.2.RELEASE/spring-tx-3.1.2.RELEASE.jar:/home/satish/.m2/repository/org/springframework/spring-webmvc/3.1.2.RELEASE/spring-webmvc-3.1.2.RELEASE.jar:/home/satish/.m2/repository/org/springframework/spring-context-support/3.1.2.RELEASE/spring-context-support-3.1.2.RELEASE.jar:/home/satish/.m2/repository/org/springframework/spring-web/3.1.2.RELEASE/spring-web-3.1.2.RELEASE.jar:/home/satish/.m2/repository/org/springframework/spring-test/3.1.2.RELEASE/spring-test-3.1.2.RELEASE.jar:/home/satish/.m2/repository/org/springframework/security/spring-security-core/3.1.3.RELEASE/spring-security-core-3.1.3.RELEASE.jar:/home/satish/.m2/repository/org/springframework/security/spring-security-config/3.1.3.RELEASE/spring-security-config-3.1.3.RELEASE.jar:/home/satish/.m2/repository/org/springframework/security/spring-security-web/3.1.3.RELEASE/spring-security-web-3.1.3.RELEASE.jar:/home/satish/.m2/repository/commons-codec/commons-codec/1.3/commons-codec-1.3.jar:/home/satish/.m2/repository/org/codehaus/jackson/jackson-mapper-asl/1.9.2/jackson-mapper-asl-1.9.2.jar:/home/satish/.m2/repository/org/codehaus/jackson/jackson-core-asl/1.9.2/jackson-core-asl-1.9.2.jar:/home/satish/.m2/repository/com/fasterxml/jackson/core/jackson-annotations/2.1.1/jackson-annotations-2.1.1.jar:/home/satish/.m2/repository/com/fasterxml/jackson/core/jackson-databind/2.1.1/jackson-databind-2.1.1.jar:/home/satish/.m2/repository/com/fasterxml/jackson/core/jackson-core/2.1.1/jackson-core-2.1.1.jar:/home/satish/.m2/repository/junit/junit/4.8.2/junit-4.8.2.jar:/home/satish/.m2/repository/org/powermock/powermock-module-junit4/1.4.10/powermock-module-junit4-1.4.10.jar:/home/satish/.m2/repository/org/powermock/powermock-module-junit4-common/1.4.10/powermock-module-junit4-common-1.4.10.jar:/home/satish/.m2/repository/org/powermock/powermock-core/1.4.10/powermock-core-1.4.10.jar:/home/satish/.m2/repository/org/powermock/powermock-reflect/1.4.10/powermock-reflect-1.4.10.jar:/home/satish/.m2/repository/org/objenesis/objenesis/1.0/objenesis-1.0.jar:/home/satish/.m2/repository/org/javassist/javassist/3.15.0-GA/javassist-3.15.0-GA.jar:/home/satish/.m2/repository/org/powermock/powermock-api-mockito/1.4.10/powermock-api-mockito-1.4.10.jar:/home/satish/.m2/repository/org/mockito/mockito-all/1.8.5/mockito-all-1.8.5.jar:/home/satish/.m2/repository/org/powermock/powermock-api-support/1.4.10/powermock-api-support-1.4.10.jar:/home/satish/.m2/repository/org/mockito/mockito-core/1.9.0/mockito-core-1.9.0.jar:/home/satish/.m2/repository/org/hamcrest/hamcrest-core/1.1/hamcrest-core-1.1.jar:/home/satish/.m2/repository/org/slf4j/slf4j-api/1.5.8/slf4j-api-1.5.8.jar:/home/satish/.m2/repository/org/hsqldb/hsqldb-j5/2.0.0/hsqldb-j5-2.0.0.jar:"/>
    <property name="java.specification.name" value="Java Platform API Specification"/>
    <property name="java.class.version" value="51.0"/>
    <property name="sun.management.compiler" value="HotSpot Tiered Compilers"/>
    <property name="os.version" value="2.6.32-45-generic"/>
    <property name="user.home" value="/home/satish"/>
    <property name="user.timezone" value="Asia/Kolkata"/>
    <property name="java.awt.printerjob" value="sun.print.PSPrinterJob"/>
    <property name="file.encoding" value="UTF-8"/>
    <property name="java.specification.version" value="1.7"/>
    <property name="user.name" value="satish"/>
    <property name="java.class.path" value="/home/satish/code-base/code-playground/EASYLOCATE/spring-security-oauth2/target/test-classes:/home/satish/code-base/code-playground/EASYLOCATE/spring-security-oauth2/target/classes:/home/satish/.m2/repository/javax/servlet/servlet-api/2.5/servlet-api-2.5.jar:/home/satish/.m2/repository/org/springframework/spring-beans/3.1.2.RELEASE/spring-beans-3.1.2.RELEASE.jar:/home/satish/.m2/repository/org/springframework/spring-core/3.1.2.RELEASE/spring-core-3.1.2.RELEASE.jar:/home/satish/.m2/repository/org/springframework/spring-asm/3.1.2.RELEASE/spring-asm-3.1.2.RELEASE.jar:/home/satish/.m2/repository/commons-logging/commons-logging/1.1.1/commons-logging-1.1.1.jar:/home/satish/.m2/repository/org/springframework/spring-context/3.1.2.RELEASE/spring-context-3.1.2.RELEASE.jar:/home/satish/.m2/repository/org/springframework/spring-aop/3.1.2.RELEASE/spring-aop-3.1.2.RELEASE.jar:/home/satish/.m2/repository/aopalliance/aopalliance/1.0/aopalliance-1.0.jar:/home/satish/.m2/repository/org/springframework/spring-expression/3.1.2.RELEASE/spring-expression-3.1.2.RELEASE.jar:/home/satish/.m2/repository/org/springframework/spring-jdbc/3.1.2.RELEASE/spring-jdbc-3.1.2.RELEASE.jar:/home/satish/.m2/repository/org/springframework/spring-tx/3.1.2.RELEASE/spring-tx-3.1.2.RELEASE.jar:/home/satish/.m2/repository/org/springframework/spring-webmvc/3.1.2.RELEASE/spring-webmvc-3.1.2.RELEASE.jar:/home/satish/.m2/repository/org/springframework/spring-context-support/3.1.2.RELEASE/spring-context-support-3.1.2.RELEASE.jar:/home/satish/.m2/repository/org/springframework/spring-web/3.1.2.RELEASE/spring-web-3.1.2.RELEASE.jar:/home/satish/.m2/repository/org/springframework/spring-test/3.1.2.RELEASE/spring-test-3.1.2.RELEASE.jar:/home/satish/.m2/repository/org/springframework/security/spring-security-core/3.1.3.RELEASE/spring-security-core-3.1.3.RELEASE.jar:/home/satish/.m2/repository/org/springframework/security/spring-security-config/3.1.3.RELEASE/spring-security-config-3.1.3.RELEASE.jar:/home/satish/.m2/repository/org/springframework/security/spring-security-web/3.1.3.RELEASE/spring-security-web-3.1.3.RELEASE.jar:/home/satish/.m2/repository/commons-codec/commons-codec/1.3/commons-codec-1.3.jar:/home/satish/.m2/repository/org/codehaus/jackson/jackson-mapper-asl/1.9.2/jackson-mapper-asl-1.9.2.jar:/home/satish/.m2/repository/org/codehaus/jackson/jackson-core-asl/1.9.2/jackson-core-asl-1.9.2.jar:/home/satish/.m2/repository/com/fasterxml/jackson/core/jackson-annotations/2.1.1/jackson-annotations-2.1.1.jar:/home/satish/.m2/repository/com/fasterxml/jackson/core/jackson-databind/2.1.1/jackson-databind-2.1.1.jar:/home/satish/.m2/repository/com/fasterxml/jackson/core/jackson-core/2.1.1/jackson-core-2.1.1.jar:/home/satish/.m2/repository/junit/junit/4.8.2/junit-4.8.2.jar:/home/satish/.m2/repository/org/powermock/powermock-module-junit4/1.4.10/powermock-module-junit4-1.4.10.jar:/home/satish/.m2/repository/org/powermock/powermock-module-junit4-common/1.4.10/powermock-module-junit4-common-1.4.10.jar:/home/satish/.m2/repository/org/powermock/powermock-core/1.4.10/powermock-core-1.4.10.jar:/home/satish/.m2/repository/org/powermock/powermock-reflect/1.4.10/powermock-reflect-1.4.10.jar:/home/satish/.m2/repository/org/objenesis/objenesis/1.0/objenesis-1.0.jar:/home/satish/.m2/repository/org/javassist/javassist/3.15.0-GA/javassist-3.15.0-GA.jar:/home/satish/.m2/repository/org/powermock/powermock-api-mockito/1.4.10/powermock-api-mockito-1.4.10.jar:/home/satish/.m2/repository/org/mockito/mockito-all/1.8.5/mockito-all-1.8.5.jar:/home/satish/.m2/repository/org/powermock/powermock-api-support/1.4.10/powermock-api-support-1.4.10.jar:/home/satish/.m2/repository/org/mockito/mockito-core/1.9.0/mockito-core-1.9.0.jar:/home/satish/.m2/repository/org/hamcrest/hamcrest-core/1.1/hamcrest-core-1.1.jar:/home/satish/.m2/repository/org/slf4j/slf4j-api/1.5.8/slf4j-api-1.5.8.jar:/home/satish/.m2/repository/org/hsqldb/hsqldb-j5/2.0.0/hsqldb-j5-2.0.0.jar:"/>
    <property name="java.vm.specification.version" value="1.7"/>
    <property name="sun.arch.data.model" value="32"/>
    <property name="java.home" value="/usr/lib/jvm/java-7-oracle/jre"/>
    <property name="sun.java.command" value="/tmp/surefirebooter4558738366193818031.jar /tmp/surefire3245893387631329746tmp /tmp/surefire544608275627549819tmp"/>
    <property name="java.specification.vendor" value="Oracle Corporation"/>
    <property name="user.language" value="en"/>
    <property name="awt.toolkit" value="sun.awt.X11.XToolkit"/>
    <property name="java.vm.info" value="mixed mode"/>
    <property name="java.version" value="1.7.0_09"/>
    <property name="java.ext.dirs" value="/usr/lib/jvm/java-7-oracle/jre/lib/ext:/usr/java/packages/lib/ext"/>
    <property name="sun.boot.class.path" value="/usr/lib/jvm/java-7-oracle/jre/lib/resources.jar:/usr/lib/jvm/java-7-oracle/jre/lib/rt.jar:/usr/lib/jvm/java-7-oracle/jre/lib/sunrsasign.jar:/usr/lib/jvm/java-7-oracle/jre/lib/jsse.jar:/usr/lib/jvm/java-7-oracle/jre/lib/jce.jar:/usr/lib/jvm/java-7-oracle/jre/lib/charsets.jar:/usr/lib/jvm/java-7-oracle/jre/lib/jfr.jar:/usr/lib/jvm/java-7-oracle/jre/classes"/>
    <property name="java.vendor" value="Oracle Corporation"/>
    <property name="localRepository" value="/home/satish/.m2/repository"/>
    <property name="file.separator" value="/"/>
    <property name="java.vendor.url.bug" value="http://bugreport.sun.com/bugreport/"/>
    <property name="sun.cpu.endian" value="little"/>
    <property name="sun.io.unicode.encoding" value="UnicodeLittle"/>
    <property name="sun.desktop" value="gnome"/>
    <property name="sun.cpu.isalist" value=""/>
  </properties>
  <testcase time="0.083" classname="org.springframework.security.oauth2.client.token.TestAccessTokenProviderChain" name="testSunnyDay"/>
  <testcase time="0.007" classname="org.springframework.security.oauth2.client.token.TestAccessTokenProviderChain" name="testSunnyDayWithTokenServicesGet"/>
  <testcase time="0.002" classname="org.springframework.security.oauth2.client.token.TestAccessTokenProviderChain" name="testSunnyDayWithTokenServicesSave"/>
  <testcase time="0" classname="org.springframework.security.oauth2.client.token.TestAccessTokenProviderChain" name="testSunnyDayWithExpiredToken"/>
  <testcase time="0.004" classname="org.springframework.security.oauth2.client.token.TestAccessTokenProviderChain" name="testSunnyDayWithExpiredTokenAndTokenServices"/>
  <testcase time="0" classname="org.springframework.security.oauth2.client.token.TestAccessTokenProviderChain" name="testSunnyDayWIthExpiredTokenAndValidRefreshToken"/>
  <testcase time="0" classname="org.springframework.security.oauth2.client.token.TestAccessTokenProviderChain" name="testSunnyDayWIthExpiredTokenAndExpiredRefreshToken"/>
  <testcase time="0" classname="org.springframework.security.oauth2.client.token.TestAccessTokenProviderChain" name="testMissingSecurityContext"/>
  <testcase time="0.001" classname="org.springframework.security.oauth2.client.token.TestAccessTokenProviderChain" name="testAnonymousUser"/>
  <testcase time="0.01" classname="org.springframework.security.oauth2.client.token.TestAccessTokenProviderChain" name="testRequiresAuthenticationButRedirected"/>
</testsuite>