<?xml version="1.0" encoding="UTF-8" ?>
<testsuite failures="0" time="0.014" errors="0" skipped="0" tests="1" name="com.techiekernel.easylocate.AppTest">
  <properties>
    <property name="java.runtime.name" value="Java(TM) SE Runtime Environment"/>
    <property name="sun.boot.library.path" value="/usr/lib/jvm/java-7-oracle/jre/lib/i386"/>
    <property name="java.vm.version" value="23.5-b02"/>
    <property name="java.vm.vendor" value="Oracle Corporation"/>
    <property name="java.vendor.url" value="http://java.oracle.com/"/>
    <property name="path.separator" value=":"/>
    <property name="java.vm.name" value="Java HotSpot(TM) Server VM"/>
    <property name="file.encoding.pkg" value="sun.io"/>
    <property name="user.country" value="IN"/>
    <property name="sun.java.launcher" value="SUN_STANDARD"/>
    <property name="sun.os.patch.level" value="unknown"/>
    <property name="java.vm.specification.name" value="Java Virtual Machine Specification"/>
    <property name="user.dir" value="/home/satish/code-base/code-playground/EASYLOCATE/api"/>
    <property name="java.runtime.version" value="1.7.0_09-b05"/>
    <property name="java.awt.graphicsenv" value="sun.awt.X11GraphicsEnvironment"/>
    <property name="basedir" value="/home/satish/code-base/code-playground/EASYLOCATE/api"/>
    <property name="java.endorsed.dirs" value="/usr/lib/jvm/java-7-oracle/jre/lib/endorsed"/>
    <property name="os.arch" value="i386"/>
    <property name="surefire.real.class.path" value="/tmp/surefirebooter5894277273367688206.jar"/>
    <property name="java.io.tmpdir" value="/tmp"/>
    <property name="line.separator" value="
"/>
    <property name="java.vm.specification.vendor" value="Oracle Corporation"/>
    <property name="os.name" value="Linux"/>
    <property name="sun.jnu.encoding" value="UTF-8"/>
    <property name="java.library.path" value="/usr/java/packages/lib/i386:/lib:/usr/lib"/>
    <property name="surefire.test.class.path" value="/home/satish/code-base/code-playground/EASYLOCATE/api/target/test-classes:/home/satish/code-base/code-playground/EASYLOCATE/api/target/classes:/home/satish/.m2/repository/junit/junit/3.8.1/junit-3.8.1.jar:/home/satish/.m2/repository/org/springframework/spring-core/3.1.0.RELEASE/spring-core-3.1.0.RELEASE.jar:/home/satish/.m2/repository/org/springframework/spring-asm/3.1.0.RELEASE/spring-asm-3.1.0.RELEASE.jar:/home/satish/.m2/repository/commons-logging/commons-logging/1.1.1/commons-logging-1.1.1.jar:/home/satish/.m2/repository/org/springframework/spring-context/3.1.0.RELEASE/spring-context-3.1.0.RELEASE.jar:/home/satish/.m2/repository/org/springframework/spring-aop/3.1.0.RELEASE/spring-aop-3.1.0.RELEASE.jar:/home/satish/.m2/repository/aopalliance/aopalliance/1.0/aopalliance-1.0.jar:/home/satish/.m2/repository/org/springframework/spring-beans/3.1.0.RELEASE/spring-beans-3.1.0.RELEASE.jar:/home/satish/.m2/repository/org/springframework/spring-expression/3.1.0.RELEASE/spring-expression-3.1.0.RELEASE.jar:/home/satish/.m2/repository/org/springframework/spring-web/3.1.0.RELEASE/spring-web-3.1.0.RELEASE.jar:/home/satish/.m2/repository/org/springframework/spring-webmvc/3.1.0.RELEASE/spring-webmvc-3.1.0.RELEASE.jar:/home/satish/.m2/repository/org/springframework/spring-context-support/3.1.0.RELEASE/spring-context-support-3.1.0.RELEASE.jar:/home/satish/.m2/repository/cglib/cglib/2.2/cglib-2.2.jar:/home/satish/.m2/repository/asm/asm/3.1/asm-3.1.jar:/home/satish/.m2/repository/org/codehaus/jackson/jackson-mapper-asl/1.9.9/jackson-mapper-asl-1.9.9.jar:/home/satish/.m2/repository/org/codehaus/jackson/jackson-core-asl/1.9.9/jackson-core-asl-1.9.9.jar:/home/satish/.m2/repository/javax/xml/bind/jaxb-api/2.2.7/jaxb-api-2.2.7.jar:/home/satish/.m2/repository/mysql/mysql-connector-java/5.1.6/mysql-connector-java-5.1.6.jar:/home/satish/.m2/repository/org/hibernate/hibernate-commons-annotations/3.0.0.ga/hibernate-commons-annotations-3.0.0.ga.jar:/home/satish/.m2/repository/org/hibernate/hibernate-annotations/3.3.0.ga/hibernate-annotations-3.3.0.ga.jar:/home/satish/.m2/repository/org/hibernate/hibernate/3.2.1.ga/hibernate-3.2.1.ga.jar:/home/satish/.m2/repository/net/sf/ehcache/ehcache/1.2.3/ehcache-1.2.3.jar:/home/satish/.m2/repository/commons-collections/commons-collections/3.1/commons-collections-3.1.jar:/home/satish/.m2/repository/javax/transaction/jta/1.1/jta-1.1.jar:/home/satish/.m2/repository/asm/asm-attrs/1.5.3/asm-attrs-1.5.3.jar:/home/satish/.m2/repository/dom4j/dom4j/1.6.1/dom4j-1.6.1.jar:/home/satish/.m2/repository/antlr/antlr/2.7.6/antlr-2.7.6.jar:/home/satish/.m2/repository/javax/persistence/persistence-api/1.0/persistence-api-1.0.jar:/home/satish/.m2/repository/xml-apis/xml-apis/1.0.b2/xml-apis-1.0.b2.jar:/home/satish/.m2/repository/javassist/javassist/3.4.GA/javassist-3.4.GA.jar:/home/satish/.m2/repository/org/slf4j/slf4j-api/1.6.0/slf4j-api-1.6.0.jar:/home/satish/.m2/repository/org/slf4j/slf4j-log4j12/1.6.0/slf4j-log4j12-1.6.0.jar:/home/satish/.m2/repository/log4j/log4j/1.2.14/log4j-1.2.14.jar:/home/satish/.m2/repository/org/apache/commons/com.springsource.org.apache.commons.dbcp/1.2.2.osgi/com.springsource.org.apache.commons.dbcp-1.2.2.osgi.jar:/home/satish/.m2/repository/org/apache/commons/com.springsource.org.apache.commons.pool/1.4.0/com.springsource.org.apache.commons.pool-1.4.0.jar:/home/satish/.m2/repository/commons-dbcp/commons-dbcp/1.2.2/commons-dbcp-1.2.2.jar:/home/satish/.m2/repository/commons-pool/commons-pool/1.3/commons-pool-1.3.jar:/home/satish/.m2/repository/org/springframework/data/spring-data-jpa/1.0.1.RELEASE/spring-data-jpa-1.0.1.RELEASE.jar:/home/satish/.m2/repository/org/springframework/data/spring-data-commons-core/1.1.0.RELEASE/spring-data-commons-core-1.1.0.RELEASE.jar:/home/satish/.m2/repository/org/springframework/spring-tx/3.0.5.RELEASE/spring-tx-3.0.5.RELEASE.jar:/home/satish/.m2/repository/org/springframework/spring-orm/3.0.5.RELEASE/spring-orm-3.0.5.RELEASE.jar:/home/satish/.m2/repository/org/springframework/spring-jdbc/3.0.5.RELEASE/spring-jdbc-3.0.5.RELEASE.jar:/home/satish/.m2/repository/org/slf4j/jcl-over-slf4j/1.6.1/jcl-over-slf4j-1.6.1.jar:/home/satish/.m2/repository/org/aspectj/aspectjrt/1.6.8/aspectjrt-1.6.8.jar:/home/satish/.m2/repository/org/junit/com.springsource.org.junit/4.7.0/com.springsource.org.junit-4.7.0.jar:/home/satish/.m2/repository/org/springframework/org.springframework.test/3.1.0.RELEASE/org.springframework.test-3.1.0.RELEASE.jar:/home/satish/.m2/repository/org/mockito/mockito-all/1.8.4/mockito-all-1.8.4.jar:"/>
    <property name="java.specification.name" value="Java Platform API Specification"/>
    <property name="java.class.version" value="51.0"/>
    <property name="sun.management.compiler" value="HotSpot Tiered Compilers"/>
    <property name="os.version" value="2.6.32-45-generic"/>
    <property name="user.home" value="/home/satish"/>
    <property name="user.timezone" value=""/>
    <property name="java.awt.printerjob" value="sun.print.PSPrinterJob"/>
    <property name="file.encoding" value="UTF-8"/>
    <property name="java.specification.version" value="1.7"/>
    <property name="user.name" value="satish"/>
    <property name="java.class.path" value="/home/satish/code-base/code-playground/EASYLOCATE/api/target/test-classes:/home/satish/code-base/code-playground/EASYLOCATE/api/target/classes:/home/satish/.m2/repository/junit/junit/3.8.1/junit-3.8.1.jar:/home/satish/.m2/repository/org/springframework/spring-core/3.1.0.RELEASE/spring-core-3.1.0.RELEASE.jar:/home/satish/.m2/repository/org/springframework/spring-asm/3.1.0.RELEASE/spring-asm-3.1.0.RELEASE.jar:/home/satish/.m2/repository/commons-logging/commons-logging/1.1.1/commons-logging-1.1.1.jar:/home/satish/.m2/repository/org/springframework/spring-context/3.1.0.RELEASE/spring-context-3.1.0.RELEASE.jar:/home/satish/.m2/repository/org/springframework/spring-aop/3.1.0.RELEASE/spring-aop-3.1.0.RELEASE.jar:/home/satish/.m2/repository/aopalliance/aopalliance/1.0/aopalliance-1.0.jar:/home/satish/.m2/repository/org/springframework/spring-beans/3.1.0.RELEASE/spring-beans-3.1.0.RELEASE.jar:/home/satish/.m2/repository/org/springframework/spring-expression/3.1.0.RELEASE/spring-expression-3.1.0.RELEASE.jar:/home/satish/.m2/repository/org/springframework/spring-web/3.1.0.RELEASE/spring-web-3.1.0.RELEASE.jar:/home/satish/.m2/repository/org/springframework/spring-webmvc/3.1.0.RELEASE/spring-webmvc-3.1.0.RELEASE.jar:/home/satish/.m2/repository/org/springframework/spring-context-support/3.1.0.RELEASE/spring-context-support-3.1.0.RELEASE.jar:/home/satish/.m2/repository/cglib/cglib/2.2/cglib-2.2.jar:/home/satish/.m2/repository/asm/asm/3.1/asm-3.1.jar:/home/satish/.m2/repository/org/codehaus/jackson/jackson-mapper-asl/1.9.9/jackson-mapper-asl-1.9.9.jar:/home/satish/.m2/repository/org/codehaus/jackson/jackson-core-asl/1.9.9/jackson-core-asl-1.9.9.jar:/home/satish/.m2/repository/javax/xml/bind/jaxb-api/2.2.7/jaxb-api-2.2.7.jar:/home/satish/.m2/repository/mysql/mysql-connector-java/5.1.6/mysql-connector-java-5.1.6.jar:/home/satish/.m2/repository/org/hibernate/hibernate-commons-annotations/3.0.0.ga/hibernate-commons-annotations-3.0.0.ga.jar:/home/satish/.m2/repository/org/hibernate/hibernate-annotations/3.3.0.ga/hibernate-annotations-3.3.0.ga.jar:/home/satish/.m2/repository/org/hibernate/hibernate/3.2.1.ga/hibernate-3.2.1.ga.jar:/home/satish/.m2/repository/net/sf/ehcache/ehcache/1.2.3/ehcache-1.2.3.jar:/home/satish/.m2/repository/commons-collections/commons-collections/3.1/commons-collections-3.1.jar:/home/satish/.m2/repository/javax/transaction/jta/1.1/jta-1.1.jar:/home/satish/.m2/repository/asm/asm-attrs/1.5.3/asm-attrs-1.5.3.jar:/home/satish/.m2/repository/dom4j/dom4j/1.6.1/dom4j-1.6.1.jar:/home/satish/.m2/repository/antlr/antlr/2.7.6/antlr-2.7.6.jar:/home/satish/.m2/repository/javax/persistence/persistence-api/1.0/persistence-api-1.0.jar:/home/satish/.m2/repository/xml-apis/xml-apis/1.0.b2/xml-apis-1.0.b2.jar:/home/satish/.m2/repository/javassist/javassist/3.4.GA/javassist-3.4.GA.jar:/home/satish/.m2/repository/org/slf4j/slf4j-api/1.6.0/slf4j-api-1.6.0.jar:/home/satish/.m2/repository/org/slf4j/slf4j-log4j12/1.6.0/slf4j-log4j12-1.6.0.jar:/home/satish/.m2/repository/log4j/log4j/1.2.14/log4j-1.2.14.jar:/home/satish/.m2/repository/org/apache/commons/com.springsource.org.apache.commons.dbcp/1.2.2.osgi/com.springsource.org.apache.commons.dbcp-1.2.2.osgi.jar:/home/satish/.m2/repository/org/apache/commons/com.springsource.org.apache.commons.pool/1.4.0/com.springsource.org.apache.commons.pool-1.4.0.jar:/home/satish/.m2/repository/commons-dbcp/commons-dbcp/1.2.2/commons-dbcp-1.2.2.jar:/home/satish/.m2/repository/commons-pool/commons-pool/1.3/commons-pool-1.3.jar:/home/satish/.m2/repository/org/springframework/data/spring-data-jpa/1.0.1.RELEASE/spring-data-jpa-1.0.1.RELEASE.jar:/home/satish/.m2/repository/org/springframework/data/spring-data-commons-core/1.1.0.RELEASE/spring-data-commons-core-1.1.0.RELEASE.jar:/home/satish/.m2/repository/org/springframework/spring-tx/3.0.5.RELEASE/spring-tx-3.0.5.RELEASE.jar:/home/satish/.m2/repository/org/springframework/spring-orm/3.0.5.RELEASE/spring-orm-3.0.5.RELEASE.jar:/home/satish/.m2/repository/org/springframework/spring-jdbc/3.0.5.RELEASE/spring-jdbc-3.0.5.RELEASE.jar:/home/satish/.m2/repository/org/slf4j/jcl-over-slf4j/1.6.1/jcl-over-slf4j-1.6.1.jar:/home/satish/.m2/repository/org/aspectj/aspectjrt/1.6.8/aspectjrt-1.6.8.jar:/home/satish/.m2/repository/org/junit/com.springsource.org.junit/4.7.0/com.springsource.org.junit-4.7.0.jar:/home/satish/.m2/repository/org/springframework/org.springframework.test/3.1.0.RELEASE/org.springframework.test-3.1.0.RELEASE.jar:/home/satish/.m2/repository/org/mockito/mockito-all/1.8.4/mockito-all-1.8.4.jar:"/>
    <property name="java.vm.specification.version" value="1.7"/>
    <property name="sun.arch.data.model" value="32"/>
    <property name="java.home" value="/usr/lib/jvm/java-7-oracle/jre"/>
    <property name="sun.java.command" value="/tmp/surefirebooter5894277273367688206.jar /tmp/surefire335340996876889233tmp /tmp/surefire3876619918171503953tmp"/>
    <property name="java.specification.vendor" value="Oracle Corporation"/>
    <property name="user.language" value="en"/>
    <property name="awt.toolkit" value="sun.awt.X11.XToolkit"/>
    <property name="java.vm.info" value="mixed mode"/>
    <property name="java.version" value="1.7.0_09"/>
    <property name="java.ext.dirs" value="/usr/lib/jvm/java-7-oracle/jre/lib/ext:/usr/java/packages/lib/ext"/>
    <property name="sun.boot.class.path" value="/usr/lib/jvm/java-7-oracle/jre/lib/resources.jar:/usr/lib/jvm/java-7-oracle/jre/lib/rt.jar:/usr/lib/jvm/java-7-oracle/jre/lib/sunrsasign.jar:/usr/lib/jvm/java-7-oracle/jre/lib/jsse.jar:/usr/lib/jvm/java-7-oracle/jre/lib/jce.jar:/usr/lib/jvm/java-7-oracle/jre/lib/charsets.jar:/usr/lib/jvm/java-7-oracle/jre/lib/jfr.jar:/usr/lib/jvm/java-7-oracle/jre/classes"/>
    <property name="java.vendor" value="Oracle Corporation"/>
    <property name="localRepository" value="/home/satish/.m2/repository"/>
    <property name="file.separator" value="/"/>
    <property name="java.vendor.url.bug" value="http://bugreport.sun.com/bugreport/"/>
    <property name="sun.cpu.endian" value="little"/>
    <property name="sun.io.unicode.encoding" value="UnicodeLittle"/>
    <property name="sun.desktop" value="gnome"/>
    <property name="sun.cpu.isalist" value=""/>
  </properties>
  <testcase time="0.002" classname="com.techiekernel.easylocate.AppTest" name="testApp"/>
</testsuite>